[debug] [2020-04-07T01:02:03.148Z] ----------------------------------------------------------------------
[debug] [2020-04-07T01:02:03.149Z] Command:       /usr/local/Cellar/node@8/8.15.0/bin/node /Users/paulfarcasanu/.npm-global/bin/firebase deploy
[debug] [2020-04-07T01:02:03.150Z] CLI Version:   7.12.1
[debug] [2020-04-07T01:02:03.150Z] Platform:      darwin
[debug] [2020-04-07T01:02:03.150Z] Node Version:  v12.13.1
[debug] [2020-04-07T01:02:03.150Z] Time:          Mon Apr 06 2020 20:02:03 GMT-0500 (Central Daylight Time)
[debug] [2020-04-07T01:02:03.150Z] ----------------------------------------------------------------------
[debug] [2020-04-07T01:02:03.150Z] 
[debug] [2020-04-07T01:02:03.157Z] > command requires scopes: ["email","openid","https://www.googleapis.com/auth/cloudplatformprojects.readonly","https://www.googleapis.com/auth/firebase","https://www.googleapis.com/auth/cloud-platform"]
[debug] [2020-04-07T01:02:03.157Z] > authorizing via signed-in user
[debug] [2020-04-07T01:02:03.157Z] [iam] checking project tablyboo for permissions ["cloudfunctions.functions.create","cloudfunctions.functions.delete","cloudfunctions.functions.get","cloudfunctions.functions.list","cloudfunctions.functions.update","cloudfunctions.operations.get","firebase.projects.get","firebasedatabase.instances.update","firebasehosting.sites.update"]
[debug] [2020-04-07T01:02:03.158Z] >>> HTTP REQUEST POST https://cloudresourcemanager.googleapis.com/v1/projects/tablyboo:testIamPermissions  

[debug] [2020-04-07T01:02:03.322Z] <<< HTTP RESPONSE 200
[debug] [2020-04-07T01:02:03.324Z] >>> HTTP REQUEST GET https://firebase.googleapis.com/v1beta1/projects/tablyboo  
 
[debug] [2020-04-07T01:02:03.487Z] <<< HTTP RESPONSE 200
[info] 
[info] === Deploying to 'tablyboo'...
[info] 
[info] i  deploying database, functions, hosting
[info] i  database: checking rules syntax...
[debug] [2020-04-07T01:02:04.876Z] >>> HTTP REQUEST PUT https://tablyboo.firebaseio.com/.settings/rules.json?dryRun=true  
 {
  /* Visit https://firebase.google.com/docs/database/security to learn more about security rules. */
  "rules": {
    ".read": true,
    ".write": true
  }
}
[debug] [2020-04-07T01:02:05.083Z] <<< HTTP RESPONSE 200
[info] ✔  database: rules syntax for database tablyboo is valid
[debug] [2020-04-07T01:02:05.086Z] > [functions] package.json contents: {
  "name": "functions",
  "description": "Cloud Functions for Firebase",
  "scripts": {
    "serve": "firebase serve --only functions",
    "shell": "firebase functions:shell",
    "start": "npm run shell",
    "deploy": "firebase deploy --only functions",
    "logs": "firebase functions:log"
  },
  "engines": {
    "node": "8"
  },
  "dependencies": {
    "firebase-admin": "^8.6.0",
    "firebase-functions": "^3.3.0"
  },
  "devDependencies": {
    "firebase-functions-test": "^0.1.6"
  },
  "private": true
}
[info] i  functions: ensuring necessary APIs are enabled...
[debug] [2020-04-07T01:02:05.087Z] >>> HTTP REQUEST GET https://serviceusage.googleapis.com/v1/projects/tablyboo/services/cloudfunctions.googleapis.com  
 
[debug] [2020-04-07T01:02:05.087Z] >>> HTTP REQUEST GET https://serviceusage.googleapis.com/v1/projects/tablyboo/services/runtimeconfig.googleapis.com  
 
[debug] [2020-04-07T01:02:05.396Z] <<< HTTP RESPONSE 200
[debug] [2020-04-07T01:02:05.422Z] <<< HTTP RESPONSE 200
[info] ✔  functions: all necessary APIs are enabled
[debug] [2020-04-07T01:02:05.424Z] >>> HTTP REQUEST GET https://firebase.googleapis.com/v1beta1/projects/tablyboo/adminSdkConfig  
 
[debug] [2020-04-07T01:02:05.543Z] <<< HTTP RESPONSE 200
[debug] [2020-04-07T01:02:05.545Z] >>> HTTP REQUEST POST https://firebasehosting.googleapis.com/v1beta1/sites/tablyboo/versions  

